INFO - 02/25/20 10:14:37 - 0:00:00 - ============ Initialized logger ============
INFO - 02/25/20 10:14:37 - 0:00:00 - cuda: False
                                     dico_build: S2T&T2S
                                     dico_eval: data/hindi_marathi_bi_eval.txt
                                     dico_max_rank: 10000
                                     dico_max_size: 0
                                     dico_method: csls_knn_10
                                     dico_min_size: 0
                                     dico_threshold: 0
                                     dico_train: data/hindi_marathi_bi_train.txt
                                     emb_dim: 768
                                     exp_id: 
                                     exp_name: debug
                                     exp_path: /home/tushar/Desktop/NLP/Project/MUSE_CODE/dumped/debug/8cookwwc0l
                                     export: txt
                                     max_vocab: 200000
                                     n_refinement: 5
                                     normalize_embeddings: 
                                     seed: -1
                                     src_emb: data/hin.txt
                                     src_lang: hin
                                     tgt_emb: data/mar.txt
                                     tgt_lang: mar
                                     verbose: 2
INFO - 02/25/20 10:14:37 - 0:00:00 - The experiment will be stored in /home/tushar/Desktop/NLP/Project/MUSE_CODE/dumped/debug/8cookwwc0l
INFO - 02/25/20 10:14:39 - 0:00:02 - Loaded 13674 pre-trained word embeddings.
INFO - 02/25/20 10:14:39 - 0:00:02 - Loaded 927 pre-trained word embeddings.
INFO - 02/25/20 10:14:40 - 0:00:02 - Found 1014 pairs of words in the dictionary (799 unique). 9986 other pairs contained at least one unknown word (120 in lang1, 9899 in lang2)
INFO - 02/25/20 10:14:40 - 0:00:02 - Validation metric: precision_at_1-csls_knn_10
INFO - 02/25/20 10:14:40 - 0:00:02 - Starting iteration 0...
INFO - 02/25/20 10:14:40 - 0:00:03 - Found 160 pairs of words in the dictionary (155 unique). 1640 other pairs contained at least one unknown word (30 in lang1, 1617 in lang2)
INFO - 02/25/20 10:14:40 - 0:00:03 - 155 source words - nn - Precision at k = 1: 28.387097
INFO - 02/25/20 10:14:40 - 0:00:03 - 155 source words - nn - Precision at k = 5: 43.870968
INFO - 02/25/20 10:14:40 - 0:00:03 - 155 source words - nn - Precision at k = 10: 50.322581
INFO - 02/25/20 10:14:40 - 0:00:03 - Found 160 pairs of words in the dictionary (155 unique). 1640 other pairs contained at least one unknown word (30 in lang1, 1617 in lang2)
INFO - 02/25/20 10:14:40 - 0:00:03 - 155 source words - csls_knn_10 - Precision at k = 1: 31.612903
INFO - 02/25/20 10:14:40 - 0:00:03 - 155 source words - csls_knn_10 - Precision at k = 5: 50.322581
INFO - 02/25/20 10:14:40 - 0:00:03 - 155 source words - csls_knn_10 - Precision at k = 10: 52.258065
INFO - 02/25/20 10:14:41 - 0:00:03 - Building the train dictionary ...
INFO - 02/25/20 10:14:41 - 0:00:03 - New train dictionary of 10000 pairs.
INFO - 02/25/20 10:14:41 - 0:00:03 - Mean cosine (nn method, S2T build, 10000 max size): 0.63402
INFO - 02/25/20 10:14:41 - 0:00:04 - Building the train dictionary ...
INFO - 02/25/20 10:14:41 - 0:00:04 - New train dictionary of 10000 pairs.
INFO - 02/25/20 10:14:41 - 0:00:04 - Mean cosine (csls_knn_10 method, S2T build, 10000 max size): 0.62552
INFO - 02/25/20 10:14:41 - 0:00:04 - __log__:{"n_iter": 0, "precision_at_1-nn": 28.387096774193548, "precision_at_5-nn": 43.87096774193549, "precision_at_10-nn": 50.32258064516129, "precision_at_1-csls_knn_10": 31.61290322580645, "precision_at_5-csls_knn_10": 50.32258064516129, "precision_at_10-csls_knn_10": 52.25806451612903, "mean_cosine-nn-S2T-10000": 0.6340235471725464, "mean_cosine-csls_knn_10-S2T-10000": 0.6255158185958862}
INFO - 02/25/20 10:14:41 - 0:00:04 - * Best value for "precision_at_1-csls_knn_10": 31.61290
INFO - 02/25/20 10:14:41 - 0:00:04 - * Saving the mapping to /home/tushar/Desktop/NLP/Project/MUSE_CODE/dumped/debug/8cookwwc0l/best_mapping.pth ...
INFO - 02/25/20 10:14:41 - 0:00:04 - End of iteration 0.
                                     
                                     
INFO - 02/25/20 10:14:41 - 0:00:04 - Starting iteration 1...
INFO - 02/25/20 10:14:41 - 0:00:04 - Building the train dictionary ...
INFO - 02/25/20 10:14:42 - 0:00:05 - New train dictionary of 423 pairs.
INFO - 02/25/20 10:14:42 - 0:00:05 - Found 160 pairs of words in the dictionary (155 unique). 1640 other pairs contained at least one unknown word (30 in lang1, 1617 in lang2)
INFO - 02/25/20 10:14:42 - 0:00:05 - 155 source words - nn - Precision at k = 1: 19.354839
INFO - 02/25/20 10:14:42 - 0:00:05 - 155 source words - nn - Precision at k = 5: 29.032258
INFO - 02/25/20 10:14:42 - 0:00:05 - 155 source words - nn - Precision at k = 10: 32.903226
INFO - 02/25/20 10:14:42 - 0:00:05 - Found 160 pairs of words in the dictionary (155 unique). 1640 other pairs contained at least one unknown word (30 in lang1, 1617 in lang2)
INFO - 02/25/20 10:14:43 - 0:00:05 - 155 source words - csls_knn_10 - Precision at k = 1: 23.870968
INFO - 02/25/20 10:14:43 - 0:00:05 - 155 source words - csls_knn_10 - Precision at k = 5: 35.483871
INFO - 02/25/20 10:14:43 - 0:00:05 - 155 source words - csls_knn_10 - Precision at k = 10: 41.935484
INFO - 02/25/20 10:14:43 - 0:00:06 - Building the train dictionary ...
INFO - 02/25/20 10:14:43 - 0:00:06 - New train dictionary of 10000 pairs.
INFO - 02/25/20 10:14:43 - 0:00:06 - Mean cosine (nn method, S2T build, 10000 max size): 0.64851
INFO - 02/25/20 10:14:44 - 0:00:06 - Building the train dictionary ...
INFO - 02/25/20 10:14:44 - 0:00:06 - New train dictionary of 10000 pairs.
INFO - 02/25/20 10:14:44 - 0:00:06 - Mean cosine (csls_knn_10 method, S2T build, 10000 max size): 0.63656
INFO - 02/25/20 10:14:44 - 0:00:06 - __log__:{"n_iter": 1, "precision_at_1-nn": 19.35483870967742, "precision_at_5-nn": 29.03225806451613, "precision_at_10-nn": 32.903225806451616, "precision_at_1-csls_knn_10": 23.870967741935484, "precision_at_5-csls_knn_10": 35.483870967741936, "precision_at_10-csls_knn_10": 41.935483870967744, "mean_cosine-nn-S2T-10000": 0.648505687713623, "mean_cosine-csls_knn_10-S2T-10000": 0.6365554928779602}
INFO - 02/25/20 10:14:44 - 0:00:06 - End of iteration 1.
                                     
                                     
INFO - 02/25/20 10:14:44 - 0:00:06 - Starting iteration 2...
INFO - 02/25/20 10:14:44 - 0:00:06 - Building the train dictionary ...
INFO - 02/25/20 10:14:44 - 0:00:07 - New train dictionary of 498 pairs.
INFO - 02/25/20 10:14:44 - 0:00:07 - Found 160 pairs of words in the dictionary (155 unique). 1640 other pairs contained at least one unknown word (30 in lang1, 1617 in lang2)
INFO - 02/25/20 10:14:45 - 0:00:07 - 155 source words - nn - Precision at k = 1: 18.709677
INFO - 02/25/20 10:14:45 - 0:00:07 - 155 source words - nn - Precision at k = 5: 29.032258
INFO - 02/25/20 10:14:45 - 0:00:07 - 155 source words - nn - Precision at k = 10: 32.258065
INFO - 02/25/20 10:14:45 - 0:00:07 - Found 160 pairs of words in the dictionary (155 unique). 1640 other pairs contained at least one unknown word (30 in lang1, 1617 in lang2)
INFO - 02/25/20 10:14:45 - 0:00:07 - 155 source words - csls_knn_10 - Precision at k = 1: 21.935484
INFO - 02/25/20 10:14:45 - 0:00:07 - 155 source words - csls_knn_10 - Precision at k = 5: 35.483871
INFO - 02/25/20 10:14:45 - 0:00:07 - 155 source words - csls_knn_10 - Precision at k = 10: 40.645161
INFO - 02/25/20 10:14:45 - 0:00:08 - Building the train dictionary ...
INFO - 02/25/20 10:14:45 - 0:00:08 - New train dictionary of 10000 pairs.
INFO - 02/25/20 10:14:45 - 0:00:08 - Mean cosine (nn method, S2T build, 10000 max size): 0.65228
INFO - 02/25/20 10:14:46 - 0:00:08 - Building the train dictionary ...
INFO - 02/25/20 10:14:46 - 0:00:08 - New train dictionary of 10000 pairs.
INFO - 02/25/20 10:14:46 - 0:00:08 - Mean cosine (csls_knn_10 method, S2T build, 10000 max size): 0.64141
INFO - 02/25/20 10:14:46 - 0:00:08 - __log__:{"n_iter": 2, "precision_at_1-nn": 18.70967741935484, "precision_at_5-nn": 29.03225806451613, "precision_at_10-nn": 32.25806451612903, "precision_at_1-csls_knn_10": 21.935483870967744, "precision_at_5-csls_knn_10": 35.483870967741936, "precision_at_10-csls_knn_10": 40.64516129032258, "mean_cosine-nn-S2T-10000": 0.6522819995880127, "mean_cosine-csls_knn_10-S2T-10000": 0.6414058804512024}
INFO - 02/25/20 10:14:46 - 0:00:08 - End of iteration 2.
                                     
                                     
INFO - 02/25/20 10:14:46 - 0:00:08 - Starting iteration 3...
INFO - 02/25/20 10:14:46 - 0:00:09 - Building the train dictionary ...
INFO - 02/25/20 10:14:46 - 0:00:09 - New train dictionary of 534 pairs.
INFO - 02/25/20 10:14:47 - 0:00:09 - Found 160 pairs of words in the dictionary (155 unique). 1640 other pairs contained at least one unknown word (30 in lang1, 1617 in lang2)
INFO - 02/25/20 10:14:47 - 0:00:09 - 155 source words - nn - Precision at k = 1: 18.709677
INFO - 02/25/20 10:14:47 - 0:00:09 - 155 source words - nn - Precision at k = 5: 28.387097
INFO - 02/25/20 10:14:47 - 0:00:09 - 155 source words - nn - Precision at k = 10: 32.903226
INFO - 02/25/20 10:14:47 - 0:00:09 - Found 160 pairs of words in the dictionary (155 unique). 1640 other pairs contained at least one unknown word (30 in lang1, 1617 in lang2)
INFO - 02/25/20 10:14:47 - 0:00:10 - 155 source words - csls_knn_10 - Precision at k = 1: 22.580645
INFO - 02/25/20 10:14:47 - 0:00:10 - 155 source words - csls_knn_10 - Precision at k = 5: 38.064516
INFO - 02/25/20 10:14:47 - 0:00:10 - 155 source words - csls_knn_10 - Precision at k = 10: 43.225806
INFO - 02/25/20 10:14:47 - 0:00:10 - Building the train dictionary ...
INFO - 02/25/20 10:14:47 - 0:00:10 - New train dictionary of 10000 pairs.
INFO - 02/25/20 10:14:47 - 0:00:10 - Mean cosine (nn method, S2T build, 10000 max size): 0.65351
INFO - 02/25/20 10:14:48 - 0:00:11 - Building the train dictionary ...
INFO - 02/25/20 10:14:48 - 0:00:11 - New train dictionary of 10000 pairs.
INFO - 02/25/20 10:14:48 - 0:00:11 - Mean cosine (csls_knn_10 method, S2T build, 10000 max size): 0.64311
INFO - 02/25/20 10:14:48 - 0:00:11 - __log__:{"n_iter": 3, "precision_at_1-nn": 18.70967741935484, "precision_at_5-nn": 28.387096774193548, "precision_at_10-nn": 32.903225806451616, "precision_at_1-csls_knn_10": 22.58064516129032, "precision_at_5-csls_knn_10": 38.064516129032256, "precision_at_10-csls_knn_10": 43.225806451612904, "mean_cosine-nn-S2T-10000": 0.6535123586654663, "mean_cosine-csls_knn_10-S2T-10000": 0.6431061625480652}
INFO - 02/25/20 10:14:48 - 0:00:11 - End of iteration 3.
                                     
                                     
INFO - 02/25/20 10:14:48 - 0:00:11 - Starting iteration 4...
INFO - 02/25/20 10:14:48 - 0:00:11 - Building the train dictionary ...
INFO - 02/25/20 10:14:49 - 0:00:11 - New train dictionary of 552 pairs.
INFO - 02/25/20 10:14:49 - 0:00:12 - Found 160 pairs of words in the dictionary (155 unique). 1640 other pairs contained at least one unknown word (30 in lang1, 1617 in lang2)
INFO - 02/25/20 10:14:49 - 0:00:12 - 155 source words - nn - Precision at k = 1: 18.709677
INFO - 02/25/20 10:14:49 - 0:00:12 - 155 source words - nn - Precision at k = 5: 28.387097
INFO - 02/25/20 10:14:49 - 0:00:12 - 155 source words - nn - Precision at k = 10: 34.838710
INFO - 02/25/20 10:14:49 - 0:00:12 - Found 160 pairs of words in the dictionary (155 unique). 1640 other pairs contained at least one unknown word (30 in lang1, 1617 in lang2)
INFO - 02/25/20 10:14:49 - 0:00:12 - 155 source words - csls_knn_10 - Precision at k = 1: 23.225806
INFO - 02/25/20 10:14:49 - 0:00:12 - 155 source words - csls_knn_10 - Precision at k = 5: 37.419355
INFO - 02/25/20 10:14:49 - 0:00:12 - 155 source words - csls_knn_10 - Precision at k = 10: 41.935484
INFO - 02/25/20 10:14:50 - 0:00:12 - Building the train dictionary ...
INFO - 02/25/20 10:14:50 - 0:00:12 - New train dictionary of 10000 pairs.
INFO - 02/25/20 10:14:50 - 0:00:12 - Mean cosine (nn method, S2T build, 10000 max size): 0.65412
INFO - 02/25/20 10:14:50 - 0:00:13 - Building the train dictionary ...
INFO - 02/25/20 10:14:50 - 0:00:13 - New train dictionary of 10000 pairs.
INFO - 02/25/20 10:14:50 - 0:00:13 - Mean cosine (csls_knn_10 method, S2T build, 10000 max size): 0.64377
INFO - 02/25/20 10:14:50 - 0:00:13 - __log__:{"n_iter": 4, "precision_at_1-nn": 18.70967741935484, "precision_at_5-nn": 28.387096774193548, "precision_at_10-nn": 34.83870967741935, "precision_at_1-csls_knn_10": 23.225806451612904, "precision_at_5-csls_knn_10": 37.41935483870968, "precision_at_10-csls_knn_10": 41.935483870967744, "mean_cosine-nn-S2T-10000": 0.6541206240653992, "mean_cosine-csls_knn_10-S2T-10000": 0.6437711715698242}
INFO - 02/25/20 10:14:50 - 0:00:13 - End of iteration 4.
                                     
                                     
INFO - 02/25/20 10:14:50 - 0:00:13 - Starting iteration 5...
INFO - 02/25/20 10:14:50 - 0:00:13 - Building the train dictionary ...
INFO - 02/25/20 10:14:51 - 0:00:14 - New train dictionary of 561 pairs.
INFO - 02/25/20 10:14:51 - 0:00:14 - Found 160 pairs of words in the dictionary (155 unique). 1640 other pairs contained at least one unknown word (30 in lang1, 1617 in lang2)
INFO - 02/25/20 10:14:51 - 0:00:14 - 155 source words - nn - Precision at k = 1: 18.709677
INFO - 02/25/20 10:14:51 - 0:00:14 - 155 source words - nn - Precision at k = 5: 28.387097
INFO - 02/25/20 10:14:51 - 0:00:14 - 155 source words - nn - Precision at k = 10: 34.838710
INFO - 02/25/20 10:14:51 - 0:00:14 - Found 160 pairs of words in the dictionary (155 unique). 1640 other pairs contained at least one unknown word (30 in lang1, 1617 in lang2)
INFO - 02/25/20 10:14:51 - 0:00:14 - 155 source words - csls_knn_10 - Precision at k = 1: 23.225806
INFO - 02/25/20 10:14:51 - 0:00:14 - 155 source words - csls_knn_10 - Precision at k = 5: 36.129032
INFO - 02/25/20 10:14:51 - 0:00:14 - 155 source words - csls_knn_10 - Precision at k = 10: 41.935484
INFO - 02/25/20 10:14:52 - 0:00:14 - Building the train dictionary ...
INFO - 02/25/20 10:14:52 - 0:00:14 - New train dictionary of 10000 pairs.
INFO - 02/25/20 10:14:52 - 0:00:14 - Mean cosine (nn method, S2T build, 10000 max size): 0.65432
INFO - 02/25/20 10:14:52 - 0:00:15 - Building the train dictionary ...
INFO - 02/25/20 10:14:52 - 0:00:15 - New train dictionary of 10000 pairs.
INFO - 02/25/20 10:14:52 - 0:00:15 - Mean cosine (csls_knn_10 method, S2T build, 10000 max size): 0.64432
INFO - 02/25/20 10:14:52 - 0:00:15 - __log__:{"n_iter": 5, "precision_at_1-nn": 18.70967741935484, "precision_at_5-nn": 28.387096774193548, "precision_at_10-nn": 34.83870967741935, "precision_at_1-csls_knn_10": 23.225806451612904, "precision_at_5-csls_knn_10": 36.12903225806451, "precision_at_10-csls_knn_10": 41.935483870967744, "mean_cosine-nn-S2T-10000": 0.6543229222297668, "mean_cosine-csls_knn_10-S2T-10000": 0.6443237066268921}
INFO - 02/25/20 10:14:52 - 0:00:15 - End of iteration 5.
                                     
                                     
INFO - 02/25/20 10:14:52 - 0:00:15 - * Reloading the best model from /home/tushar/Desktop/NLP/Project/MUSE_CODE/dumped/debug/8cookwwc0l/best_mapping.pth ...
INFO - 02/25/20 10:14:52 - 0:00:15 - Reloading all embeddings for mapping ...
INFO - 02/25/20 10:14:54 - 0:00:17 - Loaded 13674 pre-trained word embeddings.
INFO - 02/25/20 10:14:54 - 0:00:17 - Loaded 927 pre-trained word embeddings.
INFO - 02/25/20 10:14:54 - 0:00:17 - Map source embeddings to the target space ...
INFO - 02/25/20 10:14:54 - 0:00:17 - Writing source embeddings to /home/tushar/Desktop/NLP/Project/MUSE_CODE/dumped/debug/8cookwwc0l/vectors-hin.txt ...
INFO - 02/25/20 10:15:23 - 0:00:46 - Writing target embeddings to /home/tushar/Desktop/NLP/Project/MUSE_CODE/dumped/debug/8cookwwc0l/vectors-mar.txt ...
